<?xml version="1.0" encoding="UTF-8" ?>
<testsuites errors="1"
            failures="1"
            tests="1">

  <testsuite name="bugOrNot"
    errors="1" failures="1" hostname="" id="" package="bugOrNot" skipped="0"
    tests="1" time="6.024" timestamp="">
  
    <testcase name="Problem 4" classname="bugOrNot" time="6.024" assertions="1">  <failure message="Testing if element &lt;.errorCard&gt; contains text &#39;The name field must be between 1 and 30 characters long.&#39; in 5000ms - expected &#34;contains text &#39;The name field must be between 1 and 30 characters long.&#39;&#34; but got: &#34;element could not be located&#34; (5258ms)">    at Object.Problem 4 (C:\Users\Karso\DevMountain\practiceAutomation\tests\bugOrNot.js:50:21)
    at processTicksAndRejections (internal/process/task_queues.js:93:5)</failure>

    
    <error message="Error while running &#34;containsText&#34; command: Testing if element [0;33m&lt;.errorCard&gt;[0m contains text [0;33m&#39;The name field must be between 1 and 30 characters long.&#39;[0m in 5000ms - expected [0;32m&#34;contains text &#39;The name field must be between 1 and 30 characters long.&#39;&#34;[0m but got: [0;31m&#34;element could not be located&#34;[0m [0;90m(5258ms)[0m" type="error"><![CDATA[
        at Object.Problem 4 (C:\Users\Karso\DevMountain\practiceAutomation\tests\bugOrNot.js:50:21)
    at processTicksAndRejections (internal/process/task_queues.js:93:5)
    ]]></error>
    
    </testcase>
  

  
    <system-err>
        NoSuchElementError: An error occurred while running .getText() command on &lt;.errorCard&gt;: 
   {&#34;sessionId&#34;:&#34;aede96c38347fc08db437ec3b760524f&#34;,&#34;status&#34;:0,&#34;value&#34;:[]}
       at processTicksAndRejections (internal/process/task_queues.js:93:5)
    </system-err>
  

    

  
  </testsuite>
</testsuites>
